{
  "RSpec": {
    "coverage": {
      "/Users/James/Projects/week3_challenges/web_intro/battle/spec/features/web_helpers.rb": [
        1,
        10,
        10,
        10,
        10,
        null,
        null,
        1,
        2,
        20,
        18,
        null,
        null
      ],
      "/Users/James/Projects/week3_challenges/web_intro/battle/app.rb": [
        1,
        1,
        1,
        null,
        1,
        1,
        null,
        1,
        null,
        1,
        10,
        null,
        null,
        1,
        10,
        10,
        10,
        10,
        10,
        null,
        null,
        1,
        30,
        30,
        30,
        null,
        null,
        1,
        23,
        23,
        23,
        null,
        null,
        1,
        20,
        20,
        null,
        null,
        null,
        1,
        null
      ],
      "/Users/James/Projects/week3_challenges/web_intro/battle/lib/player.rb": [
        1,
        1,
        null,
        1,
        22,
        22,
        null,
        null,
        1,
        23,
        23,
        23,
        null,
        null,
        1,
        0,
        null,
        null,
        1,
        0,
        null,
        null
      ],
      "/Users/James/Projects/week3_challenges/web_intro/battle/lib/game.rb": [
        1,
        1,
        null,
        1,
        14,
        14,
        null,
        null,
        1,
        217,
        null,
        null,
        1,
        206,
        null,
        null,
        1,
        24,
        null,
        null,
        1,
        21,
        null,
        null,
        1,
        0,
        null,
        null,
        1,
        132,
        null,
        null
      ],
      "/Users/James/Projects/week3_challenges/web_intro/battle/spec/app_spec.rb": [
        null,
        null,
        null,
        null,
        null,
        null,
        null,
        null,
        null
      ],
      "/Users/James/Projects/week3_challenges/web_intro/battle/spec/features/attack_damage_spec.rb": [
        null,
        null,
        null,
        null,
        1,
        1,
        1,
        1,
        1,
        null,
        null,
        1,
        1,
        1,
        1,
        1,
        1,
        1,
        null,
        null
      ],
      "/Users/James/Projects/week3_challenges/web_intro/battle/spec/features/attack_player2_spec.rb": [
        1,
        1,
        1,
        1,
        1,
        null,
        null
      ],
      "/Users/James/Projects/week3_challenges/web_intro/battle/spec/features/enter_player_names_spec.rb": [
        1,
        1,
        1,
        1,
        null,
        null
      ],
      "/Users/James/Projects/week3_challenges/web_intro/battle/spec/features/lose_battle_spec.rb": [
        1,
        1,
        1,
        1,
        null,
        0,
        0,
        null,
        null,
        1,
        1,
        1,
        null,
        0,
        0,
        null,
        null
      ],
      "/Users/James/Projects/week3_challenges/web_intro/battle/spec/features/see_hit_points_spec.rb": [
        1,
        1,
        1,
        1,
        null,
        null,
        1,
        1,
        1,
        null,
        null
      ],
      "/Users/James/Projects/week3_challenges/web_intro/battle/spec/features/switch_turns_spec.rb": [
        1,
        1,
        1,
        1,
        1,
        null,
        null,
        1,
        1,
        1,
        1,
        1,
        1,
        null,
        null
      ],
      "/Users/James/Projects/week3_challenges/web_intro/battle/spec/features/testing_infrastructure_spec.rb": [
        null,
        null,
        null,
        null,
        null,
        null
      ],
      "/Users/James/Projects/week3_challenges/web_intro/battle/spec/game_spec.rb": [
        1,
        null,
        1,
        5,
        5,
        5,
        null,
        1,
        1,
        1,
        1,
        null,
        null,
        null,
        1,
        1,
        1,
        null,
        null,
        1,
        1,
        1,
        null,
        null,
        null,
        1,
        1,
        1,
        1,
        null,
        null,
        null
      ],
      "/Users/James/Projects/week3_challenges/web_intro/battle/spec/player_spec.rb": [
        1,
        null,
        1,
        3,
        1,
        null,
        1,
        1,
        null,
        null,
        1,
        1,
        null,
        null,
        null,
        null,
        null,
        null,
        null,
        null,
        null
      ]
    },
    "timestamp": 1505483218
  }
}
